0 info it worked if it ends with ok
1 verbose cli [ 'D:\\Program Files\\nodejs\\node.exe',
1 verbose cli   'D:\\Program Files\\nodejs\\node_modules\\npm\\bin\\npm-cli.js',
1 verbose cli   'run',
1 verbose cli   'dev' ]
2 info using npm@3.10.10
3 info using node@v6.9.4
4 verbose run-script [ 'predev', 'dev', 'postdev' ]
5 info lifecycle PEcard@1.0.0~predev: PEcard@1.0.0
6 silly lifecycle PEcard@1.0.0~predev: no script for predev, continuing
7 info lifecycle PEcard@1.0.0~dev: PEcard@1.0.0
8 verbose lifecycle PEcard@1.0.0~dev: unsafe-perm in lifecycle true
9 verbose lifecycle PEcard@1.0.0~dev: PATH: D:\Program Files\nodejs\node_modules\npm\bin\node-gyp-bin;C:\Users\ASUS21\Desktop\myjz\node_modules\.bin;C:\Users\ASUS21\AppData\Local\Programs\Python\Python36-32;C:\Users\ASUS21\AppData\Local\Programs\Python\Python36-32\Scripts;D:\Program Files\nodejs\;C:\Program Files\TortoiseSVN\bin;C:\Users\ASUS21\AppData\Local\Microsoft\WindowsApps.;C:\Program Files\Java\jdk1.8.0\lib;C:\Program Files\Java\jdk1.8.0\lib\tools.jar;C:\Users\ASUS21\AppData\Roaming\Microsoft\Windows\Start Menu\Programs\Python 3.6;C:\Users\ASUS21\AppData\Local\Programs\Python\Python36-32;C:\Users\ASUS21\AppData\Local\Programs\Python\Python36-32\Scripts;C:\Program Files (x86)\Microsoft VS Code\bin;C:\Users\ASUS21\AppData\Roaming\npm;C:\Program Files\TortoiseSVN\bin;C:\Users\ASUS21\AppData\Local\Programs\Fiddler
10 verbose lifecycle PEcard@1.0.0~dev: CWD: C:\Users\ASUS21\Desktop\myjz
11 silly lifecycle PEcard@1.0.0~dev: Args: [ '/d /s /c',
11 silly lifecycle   'browser-sync start --server --no-open  --files **/*.css, **/*.html, **/*.js' ]
12 verbose stack Error: kill ENOSYS
12 verbose stack     at exports._errnoException (util.js:1022:11)
12 verbose stack     at process.kill (internal/process.js:172:13)
12 verbose stack     at process.listener (D:\Program Files\nodejs\node_modules\npm\node_modules\npmlog\node_modules\gauge\node_modules\signal-exit\index.js:86:15)
12 verbose stack     at emitNone (events.js:91:20)
12 verbose stack     at process.emit (events.js:185:7)
12 verbose stack     at processEmit (D:\Program Files\nodejs\node_modules\npm\node_modules\npmlog\node_modules\gauge\node_modules\signal-exit\index.js:146:32)
12 verbose stack     at processEmit (D:\Program Files\nodejs\node_modules\npm\node_modules\npm-registry-client\node_modules\npmlog\node_modules\gauge\node_modules\signal-exit\index.js:146:32)
12 verbose stack     at Signal.wrap.onsignal (internal/process.js:199:44)
13 verbose cwd C:\Users\ASUS21\Desktop\myjz
14 error Windows_NT 10.0.14393
15 error argv "D:\\Program Files\\nodejs\\node.exe" "D:\\Program Files\\nodejs\\node_modules\\npm\\bin\\npm-cli.js" "run" "dev"
16 error node v6.9.4
17 error npm  v3.10.10
18 error code ENOSYS
19 error errno ENOSYS
20 error syscall kill
21 error kill ENOSYS
22 error If you need help, you may report this error at:
22 error     <https://github.com/npm/npm/issues>
23 verbose exit [ 1, true ]
